2023/07/18 02:00:06 [INFO] config generated (0.25 sec)
2023/07/18 02:00:06 [INFO] Starting munin-html, getting lock /run/munin/munin-html.lock
2023/07/18 02:00:07 [INFO] Creating problem page /usr/share/webapps/munin/html/problems.html
2023/07/18 02:00:07 [INFO] Releasing lock file /run/munin/munin-html.lock
2023/07/18 02:00:07 [INFO] munin-html finished (0.63 sec)
2023/07/18 02:05:06 [INFO] config generated (0.25 sec)
2023/07/18 02:05:06 [INFO] Starting munin-html, getting lock /run/munin/munin-html.lock
2023/07/18 02:05:07 [INFO] Creating problem page /usr/share/webapps/munin/html/problems.html
2023/07/18 02:05:07 [INFO] Releasing lock file /run/munin/munin-html.lock
2023/07/18 02:05:07 [INFO] munin-html finished (0.64 sec)
2023/07/18 02:10:06 [INFO] config generated (0.25 sec)
2023/07/18 02:10:06 [INFO] Starting munin-html, getting lock /run/munin/munin-html.lock
2023/07/18 02:10:07 [INFO] Creating problem page /usr/share/webapps/munin/html/problems.html
2023/07/18 02:10:07 [INFO] Releasing lock file /run/munin/munin-html.lock
2023/07/18 02:10:07 [INFO] munin-html finished (0.63 sec)
2023/07/18 02:15:07 [INFO] config generated (0.25 sec)
2023/07/18 02:15:07 [INFO] Starting munin-html, getting lock /run/munin/munin-html.lock
2023/07/18 02:15:07 [INFO] Creating problem page /usr/share/webapps/munin/html/problems.html
2023/07/18 02:15:07 [INFO] Releasing lock file /run/munin/munin-html.lock
2023/07/18 02:15:07 [INFO] munin-html finished (0.63 sec)
2023/07/18 02:20:06 [INFO] config generated (0.25 sec)
2023/07/18 02:20:06 [INFO] Starting munin-html, getting lock /run/munin/munin-html.lock
2023/07/18 02:20:07 [INFO] Creating problem page /usr/share/webapps/munin/html/problems.html
2023/07/18 02:20:07 [INFO] Releasing lock file /run/munin/munin-html.lock
2023/07/18 02:20:07 [INFO] munin-html finished (0.66 sec)
2023/07/18 02:25:07 [INFO] config generated (0.25 sec)
2023/07/18 02:25:07 [INFO] Starting munin-html, getting lock /run/munin/munin-html.lock
2023/07/18 02:25:07 [INFO] Creating problem page /usr/share/webapps/munin/html/problems.html
2023/07/18 02:25:07 [INFO] Releasing lock file /run/munin/munin-html.lock
2023/07/18 02:25:07 [INFO] munin-html finished (0.63 sec)
2023/07/18 02:30:07 [INFO] config generated (0.25 sec)
2023/07/18 02:30:07 [INFO] Starting munin-html, getting lock /run/munin/munin-html.lock
2023/07/18 02:30:07 [INFO] Creating problem page /usr/share/webapps/munin/html/problems.html
2023/07/18 02:30:07 [INFO] Releasing lock file /run/munin/munin-html.lock
2023/07/18 02:30:07 [INFO] munin-html finished (0.63 sec)
2023/07/18 02:35:07 [INFO] config generated (0.25 sec)
2023/07/18 02:35:07 [INFO] Starting munin-html, getting lock /run/munin/munin-html.lock
2023/07/18 02:35:07 [INFO] Creating problem page /usr/share/webapps/munin/html/problems.html
2023/07/18 02:35:07 [INFO] Releasing lock file /run/munin/munin-html.lock
2023/07/18 02:35:07 [INFO] munin-html finished (0.63 sec)
2023/07/18 02:40:07 [INFO] config generated (0.25 sec)
2023/07/18 02:40:07 [INFO] Starting munin-html, getting lock /run/munin/munin-html.lock
2023/07/18 02:40:07 [INFO] Creating problem page /usr/share/webapps/munin/html/problems.html
2023/07/18 02:40:07 [INFO] Releasing lock file /run/munin/munin-html.lock
2023/07/18 02:40:07 [INFO] munin-html finished (0.62 sec)
2023/07/18 02:45:07 [INFO] config generated (0.25 sec)
2023/07/18 02:45:07 [INFO] Starting munin-html, getting lock /run/munin/munin-html.lock
2023/07/18 02:45:07 [INFO] Creating problem page /usr/share/webapps/munin/html/problems.html
2023/07/18 02:45:07 [INFO] Releasing lock file /run/munin/munin-html.lock
2023/07/18 02:45:07 [INFO] munin-html finished (0.64 sec)
2023/07/18 02:50:06 [INFO] config generated (0.25 sec)
2023/07/18 02:50:06 [INFO] Starting munin-html, getting lock /run/munin/munin-html.lock
2023/07/18 02:50:07 [INFO] Creating problem page /usr/share/webapps/munin/html/problems.html
2023/07/18 02:50:07 [INFO] Releasing lock file /run/munin/munin-html.lock
2023/07/18 02:50:07 [INFO] munin-html finished (0.64 sec)
2023/07/18 02:55:07 [INFO] config generated (0.25 sec)
2023/07/18 02:55:07 [INFO] Starting munin-html, getting lock /run/munin/munin-html.lock
2023/07/18 02:55:07 [INFO] Creating problem page /usr/share/webapps/munin/html/problems.html
2023/07/18 02:55:07 [INFO] Releasing lock file /run/munin/munin-html.lock
2023/07/18 02:55:07 [INFO] munin-html finished (0.62 sec)
2023/07/18 03:00:06 [INFO] config generated (0.25 sec)
2023/07/18 03:00:06 [INFO] Starting munin-html, getting lock /run/munin/munin-html.lock
2023/07/18 03:00:07 [INFO] Creating problem page /usr/share/webapps/munin/html/problems.html
2023/07/18 03:00:07 [INFO] Releasing lock file /run/munin/munin-html.lock
2023/07/18 03:00:07 [INFO] munin-html finished (0.64 sec)
2023/07/18 03:05:07 [INFO] config generated (0.25 sec)
2023/07/18 03:05:07 [INFO] Starting munin-html, getting lock /run/munin/munin-html.lock
2023/07/18 03:05:07 [INFO] Creating problem page /usr/share/webapps/munin/html/problems.html
2023/07/18 03:05:07 [INFO] Releasing lock file /run/munin/munin-html.lock
2023/07/18 03:05:07 [INFO] munin-html finished (0.62 sec)
2023/07/18 03:10:07 [INFO] config generated (0.25 sec)
2023/07/18 03:10:07 [INFO] Starting munin-html, getting lock /run/munin/munin-html.lock
2023/07/18 03:10:07 [INFO] Creating problem page /usr/share/webapps/munin/html/problems.html
2023/07/18 03:10:07 [INFO] Releasing lock file /run/munin/munin-html.lock
2023/07/18 03:10:07 [INFO] munin-html finished (0.62 sec)
2023/07/18 03:15:07 [INFO] config generated (0.26 sec)
2023/07/18 03:15:07 [INFO] Starting munin-html, getting lock /run/munin/munin-html.lock
2023/07/18 03:15:07 [INFO] Creating problem page /usr/share/webapps/munin/html/problems.html
2023/07/18 03:15:07 [INFO] Releasing lock file /run/munin/munin-html.lock
2023/07/18 03:15:07 [INFO] munin-html finished (0.62 sec)
2023/07/18 03:20:07 [INFO] config generated (0.25 sec)
2023/07/18 03:20:07 [INFO] Starting munin-html, getting lock /run/munin/munin-html.lock
2023/07/18 03:20:07 [INFO] Creating problem page /usr/share/webapps/munin/html/problems.html
2023/07/18 03:20:07 [INFO] Releasing lock file /run/munin/munin-html.lock
2023/07/18 03:20:07 [INFO] munin-html finished (0.62 sec)
2023/07/18 03:25:07 [INFO] config generated (0.25 sec)
2023/07/18 03:25:07 [INFO] Starting munin-html, getting lock /run/munin/munin-html.lock
2023/07/18 03:25:07 [INFO] Creating problem page /usr/share/webapps/munin/html/problems.html
2023/07/18 03:25:07 [INFO] Releasing lock file /run/munin/munin-html.lock
2023/07/18 03:25:07 [INFO] munin-html finished (0.63 sec)
2023/07/18 03:30:06 [INFO] config generated (0.25 sec)
2023/07/18 03:30:06 [INFO] Starting munin-html, getting lock /run/munin/munin-html.lock
2023/07/18 03:30:07 [INFO] Creating problem page /usr/share/webapps/munin/html/problems.html
2023/07/18 03:30:07 [INFO] Releasing lock file /run/munin/munin-html.lock
2023/07/18 03:30:07 [INFO] munin-html finished (0.63 sec)
2023/07/18 03:35:06 [INFO] config generated (0.25 sec)
2023/07/18 03:35:06 [INFO] Starting munin-html, getting lock /run/munin/munin-html.lock
2023/07/18 03:35:07 [INFO] Creating problem page /usr/share/webapps/munin/html/problems.html
2023/07/18 03:35:07 [INFO] Releasing lock file /run/munin/munin-html.lock
2023/07/18 03:35:07 [INFO] munin-html finished (0.62 sec)
2023/07/18 03:40:06 [INFO] config generated (0.25 sec)
2023/07/18 03:40:06 [INFO] Starting munin-html, getting lock /run/munin/munin-html.lock
2023/07/18 03:40:07 [INFO] Creating problem page /usr/share/webapps/munin/html/problems.html
2023/07/18 03:40:07 [INFO] Releasing lock file /run/munin/munin-html.lock
2023/07/18 03:40:07 [INFO] munin-html finished (0.64 sec)
2023/07/18 03:45:07 [INFO] config generated (0.25 sec)
2023/07/18 03:45:07 [INFO] Starting munin-html, getting lock /run/munin/munin-html.lock
2023/07/18 03:45:07 [INFO] Creating problem page /usr/share/webapps/munin/html/problems.html
2023/07/18 03:45:07 [INFO] Releasing lock file /run/munin/munin-html.lock
2023/07/18 03:45:07 [INFO] munin-html finished (0.62 sec)
2023/07/18 03:50:06 [INFO] config generated (0.25 sec)
2023/07/18 03:50:06 [INFO] Starting munin-html, getting lock /run/munin/munin-html.lock
2023/07/18 03:50:07 [INFO] Creating problem page /usr/share/webapps/munin/html/problems.html
2023/07/18 03:50:07 [INFO] Releasing lock file /run/munin/munin-html.lock
2023/07/18 03:50:07 [INFO] munin-html finished (0.62 sec)
2023/07/18 03:55:07 [INFO] config generated (0.25 sec)
2023/07/18 03:55:07 [INFO] Starting munin-html, getting lock /run/munin/munin-html.lock
2023/07/18 03:55:07 [INFO] Creating problem page /usr/share/webapps/munin/html/problems.html
2023/07/18 03:55:07 [INFO] Releasing lock file /run/munin/munin-html.lock
2023/07/18 03:55:07 [INFO] munin-html finished (0.62 sec)
2023/07/18 04:00:07 [INFO] config generated (0.25 sec)
2023/07/18 04:00:07 [INFO] Starting munin-html, getting lock /run/munin/munin-html.lock
2023/07/18 04:00:07 [INFO] Creating problem page /usr/share/webapps/munin/html/problems.html
2023/07/18 04:00:07 [INFO] Releasing lock file /run/munin/munin-html.lock
2023/07/18 04:00:07 [INFO] munin-html finished (0.63 sec)
2023/07/18 04:05:06 [INFO] config generated (0.25 sec)
2023/07/18 04:05:06 [INFO] Starting munin-html, getting lock /run/munin/munin-html.lock
2023/07/18 04:05:07 [INFO] Creating problem page /usr/share/webapps/munin/html/problems.html
2023/07/18 04:05:07 [INFO] Releasing lock file /run/munin/munin-html.lock
2023/07/18 04:05:07 [INFO] munin-html finished (0.63 sec)
2023/07/18 04:10:06 [INFO] config generated (0.25 sec)
2023/07/18 04:10:06 [INFO] Starting munin-html, getting lock /run/munin/munin-html.lock
2023/07/18 04:10:07 [INFO] Creating problem page /usr/share/webapps/munin/html/problems.html
2023/07/18 04:10:07 [INFO] Releasing lock file /run/munin/munin-html.lock
2023/07/18 04:10:07 [INFO] munin-html finished (0.63 sec)
2023/07/18 04:15:06 [INFO] config generated (0.25 sec)
2023/07/18 04:15:06 [INFO] Starting munin-html, getting lock /run/munin/munin-html.lock
2023/07/18 04:15:07 [INFO] Creating problem page /usr/share/webapps/munin/html/problems.html
2023/07/18 04:15:07 [INFO] Releasing lock file /run/munin/munin-html.lock
2023/07/18 04:15:07 [INFO] munin-html finished (0.62 sec)
2023/07/18 04:20:06 [INFO] config generated (0.25 sec)
2023/07/18 04:20:06 [INFO] Starting munin-html, getting lock /run/munin/munin-html.lock
2023/07/18 04:20:07 [INFO] Creating problem page /usr/share/webapps/munin/html/problems.html
2023/07/18 04:20:07 [INFO] Releasing lock file /run/munin/munin-html.lock
2023/07/18 04:20:07 [INFO] munin-html finished (0.61 sec)
2023/07/18 04:25:06 [INFO] config generated (0.25 sec)
2023/07/18 04:25:06 [INFO] Starting munin-html, getting lock /run/munin/munin-html.lock
2023/07/18 04:25:07 [INFO] Creating problem page /usr/share/webapps/munin/html/problems.html
2023/07/18 04:25:07 [INFO] Releasing lock file /run/munin/munin-html.lock
2023/07/18 04:25:07 [INFO] munin-html finished (0.62 sec)
2023/07/18 04:30:07 [INFO] config generated (0.25 sec)
2023/07/18 04:30:07 [INFO] Starting munin-html, getting lock /run/munin/munin-html.lock
2023/07/18 04:30:07 [INFO] Creating problem page /usr/share/webapps/munin/html/problems.html
2023/07/18 04:30:07 [INFO] Releasing lock file /run/munin/munin-html.lock
2023/07/18 04:30:07 [INFO] munin-html finished (0.61 sec)
2023/07/18 04:35:07 [INFO] config generated (0.25 sec)
2023/07/18 04:35:07 [INFO] Starting munin-html, getting lock /run/munin/munin-html.lock
2023/07/18 04:35:07 [INFO] Creating problem page /usr/share/webapps/munin/html/problems.html
2023/07/18 04:35:07 [INFO] Releasing lock file /run/munin/munin-html.lock
2023/07/18 04:35:07 [INFO] munin-html finished (0.62 sec)
2023/07/18 04:40:06 [INFO] config generated (0.25 sec)
2023/07/18 04:40:06 [INFO] Starting munin-html, getting lock /run/munin/munin-html.lock
2023/07/18 04:40:07 [INFO] Creating problem page /usr/share/webapps/munin/html/problems.html
2023/07/18 04:40:07 [INFO] Releasing lock file /run/munin/munin-html.lock
2023/07/18 04:40:07 [INFO] munin-html finished (0.64 sec)
2023/07/18 04:45:07 [INFO] config generated (0.25 sec)
2023/07/18 04:45:07 [INFO] Starting munin-html, getting lock /run/munin/munin-html.lock
2023/07/18 04:45:07 [INFO] Creating problem page /usr/share/webapps/munin/html/problems.html
2023/07/18 04:45:07 [INFO] Releasing lock file /run/munin/munin-html.lock
2023/07/18 04:45:07 [INFO] munin-html finished (0.63 sec)
2023/07/18 04:50:06 [INFO] config generated (0.25 sec)
2023/07/18 04:50:06 [INFO] Starting munin-html, getting lock /run/munin/munin-html.lock
2023/07/18 04:50:07 [INFO] Creating problem page /usr/share/webapps/munin/html/problems.html
2023/07/18 04:50:07 [INFO] Releasing lock file /run/munin/munin-html.lock
2023/07/18 04:50:07 [INFO] munin-html finished (0.62 sec)
2023/07/18 04:55:06 [INFO] config generated (0.25 sec)
2023/07/18 04:55:06 [INFO] Starting munin-html, getting lock /run/munin/munin-html.lock
2023/07/18 04:55:07 [INFO] Creating problem page /usr/share/webapps/munin/html/problems.html
2023/07/18 04:55:07 [INFO] Releasing lock file /run/munin/munin-html.lock
2023/07/18 04:55:07 [INFO] munin-html finished (0.61 sec)
2023/07/18 05:00:06 [INFO] config generated (0.25 sec)
2023/07/18 05:00:06 [INFO] Starting munin-html, getting lock /run/munin/munin-html.lock
2023/07/18 05:00:07 [INFO] Creating problem page /usr/share/webapps/munin/html/problems.html
2023/07/18 05:00:07 [INFO] Releasing lock file /run/munin/munin-html.lock
2023/07/18 05:00:07 [INFO] munin-html finished (0.62 sec)
2023/07/18 05:05:06 [INFO] config generated (0.25 sec)
2023/07/18 05:05:06 [INFO] Starting munin-html, getting lock /run/munin/munin-html.lock
2023/07/18 05:05:07 [INFO] Creating problem page /usr/share/webapps/munin/html/problems.html
2023/07/18 05:05:07 [INFO] Releasing lock file /run/munin/munin-html.lock
2023/07/18 05:05:07 [INFO] munin-html finished (0.62 sec)
2023/07/18 05:10:06 [INFO] config generated (0.25 sec)
2023/07/18 05:10:06 [INFO] Starting munin-html, getting lock /run/munin/munin-html.lock
2023/07/18 05:10:07 [INFO] Creating problem page /usr/share/webapps/munin/html/problems.html
2023/07/18 05:10:07 [INFO] Releasing lock file /run/munin/munin-html.lock
2023/07/18 05:10:07 [INFO] munin-html finished (0.64 sec)
2023/07/18 05:15:06 [INFO] config generated (0.25 sec)
2023/07/18 05:15:06 [INFO] Starting munin-html, getting lock /run/munin/munin-html.lock
2023/07/18 05:15:07 [INFO] Creating problem page /usr/share/webapps/munin/html/problems.html
2023/07/18 05:15:07 [INFO] Releasing lock file /run/munin/munin-html.lock
2023/07/18 05:15:07 [INFO] munin-html finished (0.61 sec)
2023/07/18 05:20:06 [INFO] config generated (0.25 sec)
2023/07/18 05:20:06 [INFO] Starting munin-html, getting lock /run/munin/munin-html.lock
2023/07/18 05:20:07 [INFO] Creating problem page /usr/share/webapps/munin/html/problems.html
2023/07/18 05:20:07 [INFO] Releasing lock file /run/munin/munin-html.lock
2023/07/18 05:20:07 [INFO] munin-html finished (0.61 sec)
2023/07/18 05:25:06 [INFO] config generated (0.25 sec)
2023/07/18 05:25:06 [INFO] Starting munin-html, getting lock /run/munin/munin-html.lock
2023/07/18 05:25:07 [INFO] Creating problem page /usr/share/webapps/munin/html/problems.html
2023/07/18 05:25:07 [INFO] Releasing lock file /run/munin/munin-html.lock
2023/07/18 05:25:07 [INFO] munin-html finished (0.65 sec)
2023/07/18 05:30:07 [INFO] config generated (0.25 sec)
2023/07/18 05:30:07 [INFO] Starting munin-html, getting lock /run/munin/munin-html.lock
2023/07/18 05:30:07 [INFO] Creating problem page /usr/share/webapps/munin/html/problems.html
2023/07/18 05:30:07 [INFO] Releasing lock file /run/munin/munin-html.lock
2023/07/18 05:30:07 [INFO] munin-html finished (0.63 sec)
2023/07/18 05:35:07 [INFO] config generated (0.25 sec)
2023/07/18 05:35:07 [INFO] Starting munin-html, getting lock /run/munin/munin-html.lock
2023/07/18 05:35:07 [INFO] Creating problem page /usr/share/webapps/munin/html/problems.html
2023/07/18 05:35:07 [INFO] Releasing lock file /run/munin/munin-html.lock
2023/07/18 05:35:07 [INFO] munin-html finished (0.63 sec)
2023/07/18 05:40:07 [INFO] config generated (0.25 sec)
2023/07/18 05:40:07 [INFO] Starting munin-html, getting lock /run/munin/munin-html.lock
2023/07/18 05:40:07 [INFO] Creating problem page /usr/share/webapps/munin/html/problems.html
2023/07/18 05:40:07 [INFO] Releasing lock file /run/munin/munin-html.lock
2023/07/18 05:40:07 [INFO] munin-html finished (0.62 sec)
2023/07/18 05:45:07 [INFO] config generated (0.25 sec)
2023/07/18 05:45:07 [INFO] Starting munin-html, getting lock /run/munin/munin-html.lock
2023/07/18 05:45:07 [INFO] Creating problem page /usr/share/webapps/munin/html/problems.html
2023/07/18 05:45:07 [INFO] Releasing lock file /run/munin/munin-html.lock
2023/07/18 05:45:07 [INFO] munin-html finished (0.62 sec)
2023/07/18 05:50:07 [INFO] config generated (0.25 sec)
2023/07/18 05:50:07 [INFO] Starting munin-html, getting lock /run/munin/munin-html.lock
2023/07/18 05:50:07 [INFO] Creating problem page /usr/share/webapps/munin/html/problems.html
2023/07/18 05:50:07 [INFO] Releasing lock file /run/munin/munin-html.lock
2023/07/18 05:50:07 [INFO] munin-html finished (0.63 sec)
2023/07/18 05:55:07 [INFO] config generated (0.25 sec)
2023/07/18 05:55:07 [INFO] Starting munin-html, getting lock /run/munin/munin-html.lock
2023/07/18 05:55:07 [INFO] Creating problem page /usr/share/webapps/munin/html/problems.html
2023/07/18 05:55:07 [INFO] Releasing lock file /run/munin/munin-html.lock
2023/07/18 05:55:07 [INFO] munin-html finished (0.62 sec)
2023/07/18 06:00:07 [INFO] config generated (0.25 sec)
2023/07/18 06:00:07 [INFO] Starting munin-html, getting lock /run/munin/munin-html.lock
2023/07/18 06:00:07 [INFO] Creating problem page /usr/share/webapps/munin/html/problems.html
2023/07/18 06:00:07 [INFO] Releasing lock file /run/munin/munin-html.lock
2023/07/18 06:00:07 [INFO] munin-html finished (0.63 sec)
2023/07/18 06:05:07 [INFO] config generated (0.25 sec)
2023/07/18 06:05:07 [INFO] Starting munin-html, getting lock /run/munin/munin-html.lock
2023/07/18 06:05:07 [INFO] Creating problem page /usr/share/webapps/munin/html/problems.html
2023/07/18 06:05:07 [INFO] Releasing lock file /run/munin/munin-html.lock
2023/07/18 06:05:07 [INFO] munin-html finished (0.62 sec)
2023/07/18 06:10:06 [INFO] config generated (0.25 sec)
2023/07/18 06:10:06 [INFO] Starting munin-html, getting lock /run/munin/munin-html.lock
2023/07/18 06:10:07 [INFO] Creating problem page /usr/share/webapps/munin/html/problems.html
2023/07/18 06:10:07 [INFO] Releasing lock file /run/munin/munin-html.lock
2023/07/18 06:10:07 [INFO] munin-html finished (0.62 sec)
2023/07/18 06:15:06 [INFO] config generated (0.25 sec)
2023/07/18 06:15:06 [INFO] Starting munin-html, getting lock /run/munin/munin-html.lock
2023/07/18 06:15:07 [INFO] Creating problem page /usr/share/webapps/munin/html/problems.html
2023/07/18 06:15:07 [INFO] Releasing lock file /run/munin/munin-html.lock
2023/07/18 06:15:07 [INFO] munin-html finished (0.63 sec)
2023/07/18 06:20:07 [INFO] config generated (0.25 sec)
2023/07/18 06:20:07 [INFO] Starting munin-html, getting lock /run/munin/munin-html.lock
2023/07/18 06:20:07 [INFO] Creating problem page /usr/share/webapps/munin/html/problems.html
2023/07/18 06:20:07 [INFO] Releasing lock file /run/munin/munin-html.lock
2023/07/18 06:20:07 [INFO] munin-html finished (0.63 sec)
2023/07/18 06:25:06 [INFO] config generated (0.25 sec)
2023/07/18 06:25:06 [INFO] Starting munin-html, getting lock /run/munin/munin-html.lock
2023/07/18 06:25:07 [INFO] Creating problem page /usr/share/webapps/munin/html/problems.html
2023/07/18 06:25:07 [INFO] Releasing lock file /run/munin/munin-html.lock
2023/07/18 06:25:07 [INFO] munin-html finished (0.63 sec)
2023/07/18 06:30:07 [INFO] config generated (0.25 sec)
2023/07/18 06:30:07 [INFO] Starting munin-html, getting lock /run/munin/munin-html.lock
2023/07/18 06:30:07 [INFO] Creating problem page /usr/share/webapps/munin/html/problems.html
2023/07/18 06:30:07 [INFO] Releasing lock file /run/munin/munin-html.lock
2023/07/18 06:30:07 [INFO] munin-html finished (0.62 sec)
2023/07/18 06:35:07 [INFO] config generated (0.25 sec)
2023/07/18 06:35:07 [INFO] Starting munin-html, getting lock /run/munin/munin-html.lock
2023/07/18 06:35:07 [INFO] Creating problem page /usr/share/webapps/munin/html/problems.html
2023/07/18 06:35:07 [INFO] Releasing lock file /run/munin/munin-html.lock
2023/07/18 06:35:07 [INFO] munin-html finished (0.62 sec)
2023/07/18 06:40:06 [INFO] config generated (0.25 sec)
2023/07/18 06:40:06 [INFO] Starting munin-html, getting lock /run/munin/munin-html.lock
2023/07/18 06:40:07 [INFO] Creating problem page /usr/share/webapps/munin/html/problems.html
2023/07/18 06:40:07 [INFO] Releasing lock file /run/munin/munin-html.lock
2023/07/18 06:40:07 [INFO] munin-html finished (0.64 sec)
2023/07/18 06:45:07 [INFO] config generated (0.27 sec)
2023/07/18 06:45:07 [INFO] Starting munin-html, getting lock /run/munin/munin-html.lock
2023/07/18 06:45:07 [INFO] Creating problem page /usr/share/webapps/munin/html/problems.html
2023/07/18 06:45:07 [INFO] Releasing lock file /run/munin/munin-html.lock
2023/07/18 06:45:07 [INFO] munin-html finished (0.64 sec)
2023/07/18 06:50:06 [INFO] config generated (0.25 sec)
2023/07/18 06:50:06 [INFO] Starting munin-html, getting lock /run/munin/munin-html.lock
2023/07/18 06:50:07 [INFO] Creating problem page /usr/share/webapps/munin/html/problems.html
2023/07/18 06:50:07 [INFO] Releasing lock file /run/munin/munin-html.lock
2023/07/18 06:50:07 [INFO] munin-html finished (0.61 sec)
2023/07/18 06:55:07 [INFO] config generated (0.25 sec)
2023/07/18 06:55:07 [INFO] Starting munin-html, getting lock /run/munin/munin-html.lock
2023/07/18 06:55:07 [INFO] Creating problem page /usr/share/webapps/munin/html/problems.html
2023/07/18 06:55:07 [INFO] Releasing lock file /run/munin/munin-html.lock
2023/07/18 06:55:07 [INFO] munin-html finished (0.69 sec)
2023/07/18 07:00:07 [INFO] config generated (0.25 sec)
2023/07/18 07:00:07 [INFO] Starting munin-html, getting lock /run/munin/munin-html.lock
2023/07/18 07:00:07 [INFO] Creating problem page /usr/share/webapps/munin/html/problems.html
2023/07/18 07:00:07 [INFO] Releasing lock file /run/munin/munin-html.lock
2023/07/18 07:00:07 [INFO] munin-html finished (0.63 sec)
2023/07/18 07:05:07 [INFO] config generated (0.25 sec)
2023/07/18 07:05:07 [INFO] Starting munin-html, getting lock /run/munin/munin-html.lock
2023/07/18 07:05:07 [INFO] Creating problem page /usr/share/webapps/munin/html/problems.html
2023/07/18 07:05:07 [INFO] Releasing lock file /run/munin/munin-html.lock
2023/07/18 07:05:07 [INFO] munin-html finished (0.63 sec)
2023/07/18 07:10:07 [INFO] config generated (0.25 sec)
2023/07/18 07:10:07 [INFO] Starting munin-html, getting lock /run/munin/munin-html.lock
2023/07/18 07:10:07 [INFO] Creating problem page /usr/share/webapps/munin/html/problems.html
2023/07/18 07:10:07 [INFO] Releasing lock file /run/munin/munin-html.lock
2023/07/18 07:10:07 [INFO] munin-html finished (0.67 sec)
2023/07/18 07:15:07 [INFO] config generated (0.25 sec)
2023/07/18 07:15:07 [INFO] Starting munin-html, getting lock /run/munin/munin-html.lock
2023/07/18 07:15:07 [INFO] Creating problem page /usr/share/webapps/munin/html/problems.html
2023/07/18 07:15:07 [INFO] Releasing lock file /run/munin/munin-html.lock
2023/07/18 07:15:07 [INFO] munin-html finished (0.62 sec)
2023/07/18 07:20:07 [INFO] config generated (0.25 sec)
2023/07/18 07:20:07 [INFO] Starting munin-html, getting lock /run/munin/munin-html.lock
2023/07/18 07:20:07 [INFO] Creating problem page /usr/share/webapps/munin/html/problems.html
2023/07/18 07:20:07 [INFO] Releasing lock file /run/munin/munin-html.lock
2023/07/18 07:20:07 [INFO] munin-html finished (0.62 sec)
2023/07/18 07:25:07 [INFO] config generated (0.26 sec)
2023/07/18 07:25:07 [INFO] Starting munin-html, getting lock /run/munin/munin-html.lock
2023/07/18 07:25:07 [INFO] Creating problem page /usr/share/webapps/munin/html/problems.html
2023/07/18 07:25:07 [INFO] Releasing lock file /run/munin/munin-html.lock
2023/07/18 07:25:07 [INFO] munin-html finished (0.72 sec)
2023/07/18 07:30:07 [INFO] config generated (0.27 sec)
2023/07/18 07:30:07 [INFO] Starting munin-html, getting lock /run/munin/munin-html.lock
2023/07/18 07:30:07 [INFO] Creating problem page /usr/share/webapps/munin/html/problems.html
2023/07/18 07:30:07 [INFO] Releasing lock file /run/munin/munin-html.lock
2023/07/18 07:30:07 [INFO] munin-html finished (0.67 sec)
2023/07/18 07:35:07 [INFO] config generated (0.25 sec)
2023/07/18 07:35:07 [INFO] Starting munin-html, getting lock /run/munin/munin-html.lock
2023/07/18 07:35:07 [INFO] Creating problem page /usr/share/webapps/munin/html/problems.html
2023/07/18 07:35:07 [INFO] Releasing lock file /run/munin/munin-html.lock
2023/07/18 07:35:07 [INFO] munin-html finished (0.63 sec)
2023/07/18 07:40:07 [INFO] config generated (0.25 sec)
2023/07/18 07:40:07 [INFO] Starting munin-html, getting lock /run/munin/munin-html.lock
2023/07/18 07:40:07 [INFO] Creating problem page /usr/share/webapps/munin/html/problems.html
2023/07/18 07:40:07 [INFO] Releasing lock file /run/munin/munin-html.lock
2023/07/18 07:40:07 [INFO] munin-html finished (0.63 sec)
2023/07/18 07:45:07 [INFO] config generated (0.25 sec)
2023/07/18 07:45:07 [INFO] Starting munin-html, getting lock /run/munin/munin-html.lock
2023/07/18 07:45:07 [INFO] Creating problem page /usr/share/webapps/munin/html/problems.html
2023/07/18 07:45:07 [INFO] Releasing lock file /run/munin/munin-html.lock
2023/07/18 07:45:07 [INFO] munin-html finished (0.63 sec)
2023/07/18 07:50:06 [INFO] config generated (0.25 sec)
2023/07/18 07:50:06 [INFO] Starting munin-html, getting lock /run/munin/munin-html.lock
2023/07/18 07:50:07 [INFO] Creating problem page /usr/share/webapps/munin/html/problems.html
2023/07/18 07:50:07 [INFO] Releasing lock file /run/munin/munin-html.lock
2023/07/18 07:50:07 [INFO] munin-html finished (0.65 sec)
2023/07/18 07:55:07 [INFO] config generated (0.25 sec)
2023/07/18 07:55:07 [INFO] Starting munin-html, getting lock /run/munin/munin-html.lock
2023/07/18 07:55:07 [INFO] Creating problem page /usr/share/webapps/munin/html/problems.html
2023/07/18 07:55:07 [INFO] Releasing lock file /run/munin/munin-html.lock
2023/07/18 07:55:07 [INFO] munin-html finished (0.62 sec)
2023/07/18 08:00:07 [INFO] config generated (0.25 sec)
2023/07/18 08:00:07 [INFO] Starting munin-html, getting lock /run/munin/munin-html.lock
2023/07/18 08:00:07 [INFO] Creating problem page /usr/share/webapps/munin/html/problems.html
2023/07/18 08:00:07 [INFO] Releasing lock file /run/munin/munin-html.lock
2023/07/18 08:00:07 [INFO] munin-html finished (0.64 sec)
2023/07/18 08:05:07 [INFO] config generated (0.26 sec)
2023/07/18 08:05:07 [INFO] Starting munin-html, getting lock /run/munin/munin-html.lock
2023/07/18 08:05:07 [INFO] Creating problem page /usr/share/webapps/munin/html/problems.html
2023/07/18 08:05:07 [INFO] Releasing lock file /run/munin/munin-html.lock
2023/07/18 08:05:07 [INFO] munin-html finished (0.62 sec)
2023/07/18 08:10:07 [INFO] config generated (0.25 sec)
2023/07/18 08:10:07 [INFO] Starting munin-html, getting lock /run/munin/munin-html.lock
2023/07/18 08:10:07 [INFO] Creating problem page /usr/share/webapps/munin/html/problems.html
2023/07/18 08:10:07 [INFO] Releasing lock file /run/munin/munin-html.lock
2023/07/18 08:10:07 [INFO] munin-html finished (0.63 sec)
2023/07/18 08:15:07 [INFO] config generated (0.25 sec)
2023/07/18 08:15:07 [INFO] Starting munin-html, getting lock /run/munin/munin-html.lock
2023/07/18 08:15:07 [INFO] Creating problem page /usr/share/webapps/munin/html/problems.html
2023/07/18 08:15:07 [INFO] Releasing lock file /run/munin/munin-html.lock
2023/07/18 08:15:07 [INFO] munin-html finished (0.63 sec)
2023/07/18 08:20:07 [INFO] config generated (0.25 sec)
2023/07/18 08:20:07 [INFO] Starting munin-html, getting lock /run/munin/munin-html.lock
2023/07/18 08:20:07 [INFO] Creating problem page /usr/share/webapps/munin/html/problems.html
2023/07/18 08:20:07 [INFO] Releasing lock file /run/munin/munin-html.lock
2023/07/18 08:20:07 [INFO] munin-html finished (0.63 sec)
2023/07/18 08:25:07 [INFO] config generated (0.25 sec)
2023/07/18 08:25:07 [INFO] Starting munin-html, getting lock /run/munin/munin-html.lock
2023/07/18 08:25:07 [INFO] Creating problem page /usr/share/webapps/munin/html/problems.html
2023/07/18 08:25:07 [INFO] Releasing lock file /run/munin/munin-html.lock
2023/07/18 08:25:07 [INFO] munin-html finished (0.62 sec)
2023/07/18 08:30:07 [INFO] config generated (0.25 sec)
2023/07/18 08:30:07 [INFO] Starting munin-html, getting lock /run/munin/munin-html.lock
2023/07/18 08:30:07 [INFO] Creating problem page /usr/share/webapps/munin/html/problems.html
2023/07/18 08:30:07 [INFO] Releasing lock file /run/munin/munin-html.lock
2023/07/18 08:30:07 [INFO] munin-html finished (0.64 sec)
2023/07/18 08:35:07 [INFO] config generated (0.31 sec)
2023/07/18 08:35:07 [INFO] Starting munin-html, getting lock /run/munin/munin-html.lock
2023/07/18 08:35:07 [INFO] Creating problem page /usr/share/webapps/munin/html/problems.html
2023/07/18 08:35:07 [INFO] Releasing lock file /run/munin/munin-html.lock
2023/07/18 08:35:07 [INFO] munin-html finished (0.68 sec)
2023/07/18 08:40:07 [INFO] config generated (0.26 sec)
2023/07/18 08:40:07 [INFO] Starting munin-html, getting lock /run/munin/munin-html.lock
2023/07/18 08:40:07 [INFO] Creating problem page /usr/share/webapps/munin/html/problems.html
2023/07/18 08:40:07 [INFO] Releasing lock file /run/munin/munin-html.lock
2023/07/18 08:40:07 [INFO] munin-html finished (0.63 sec)
2023/07/18 08:45:07 [INFO] config generated (0.25 sec)
2023/07/18 08:45:07 [INFO] Starting munin-html, getting lock /run/munin/munin-html.lock
2023/07/18 08:45:07 [INFO] Creating problem page /usr/share/webapps/munin/html/problems.html
2023/07/18 08:45:07 [INFO] Releasing lock file /run/munin/munin-html.lock
2023/07/18 08:45:07 [INFO] munin-html finished (0.61 sec)
2023/07/18 08:50:07 [INFO] config generated (0.25 sec)
2023/07/18 08:50:07 [INFO] Starting munin-html, getting lock /run/munin/munin-html.lock
2023/07/18 08:50:07 [INFO] Creating problem page /usr/share/webapps/munin/html/problems.html
2023/07/18 08:50:07 [INFO] Releasing lock file /run/munin/munin-html.lock
2023/07/18 08:50:07 [INFO] munin-html finished (0.64 sec)
2023/07/18 08:55:07 [INFO] config generated (0.25 sec)
2023/07/18 08:55:07 [INFO] Starting munin-html, getting lock /run/munin/munin-html.lock
2023/07/18 08:55:07 [INFO] Creating problem page /usr/share/webapps/munin/html/problems.html
2023/07/18 08:55:07 [INFO] Releasing lock file /run/munin/munin-html.lock
2023/07/18 08:55:07 [INFO] munin-html finished (0.64 sec)
2023/07/18 09:00:06 [INFO] config generated (0.25 sec)
2023/07/18 09:00:06 [INFO] Starting munin-html, getting lock /run/munin/munin-html.lock
2023/07/18 09:00:07 [INFO] Creating problem page /usr/share/webapps/munin/html/problems.html
2023/07/18 09:00:07 [INFO] Releasing lock file /run/munin/munin-html.lock
2023/07/18 09:00:07 [INFO] munin-html finished (0.63 sec)
2023/07/18 09:05:06 [INFO] config generated (0.25 sec)
2023/07/18 09:05:06 [INFO] Starting munin-html, getting lock /run/munin/munin-html.lock
2023/07/18 09:05:07 [INFO] Creating problem page /usr/share/webapps/munin/html/problems.html
2023/07/18 09:05:07 [INFO] Releasing lock file /run/munin/munin-html.lock
2023/07/18 09:05:07 [INFO] munin-html finished (0.62 sec)
2023/07/18 09:10:07 [INFO] config generated (0.25 sec)
2023/07/18 09:10:07 [INFO] Starting munin-html, getting lock /run/munin/munin-html.lock
2023/07/18 09:10:07 [INFO] Creating problem page /usr/share/webapps/munin/html/problems.html
2023/07/18 09:10:07 [INFO] Releasing lock file /run/munin/munin-html.lock
2023/07/18 09:10:07 [INFO] munin-html finished (0.63 sec)
2023/07/18 09:15:06 [INFO] config generated (0.25 sec)
2023/07/18 09:15:06 [INFO] Starting munin-html, getting lock /run/munin/munin-html.lock
2023/07/18 09:15:07 [INFO] Creating problem page /usr/share/webapps/munin/html/problems.html
2023/07/18 09:15:07 [INFO] Releasing lock file /run/munin/munin-html.lock
2023/07/18 09:15:07 [INFO] munin-html finished (0.62 sec)
2023/07/18 09:20:06 [INFO] config generated (0.25 sec)
2023/07/18 09:20:06 [INFO] Starting munin-html, getting lock /run/munin/munin-html.lock
2023/07/18 09:20:07 [INFO] Creating problem page /usr/share/webapps/munin/html/problems.html
2023/07/18 09:20:07 [INFO] Releasing lock file /run/munin/munin-html.lock
2023/07/18 09:20:07 [INFO] munin-html finished (0.63 sec)
2023/07/18 09:25:06 [INFO] config generated (0.26 sec)
2023/07/18 09:25:06 [INFO] Starting munin-html, getting lock /run/munin/munin-html.lock
2023/07/18 09:25:07 [INFO] Creating problem page /usr/share/webapps/munin/html/problems.html
2023/07/18 09:25:07 [INFO] Releasing lock file /run/munin/munin-html.lock
2023/07/18 09:25:07 [INFO] munin-html finished (0.64 sec)
2023/07/18 09:30:07 [INFO] config generated (0.25 sec)
2023/07/18 09:30:07 [INFO] Starting munin-html, getting lock /run/munin/munin-html.lock
2023/07/18 09:30:07 [INFO] Creating problem page /usr/share/webapps/munin/html/problems.html
2023/07/18 09:30:07 [INFO] Releasing lock file /run/munin/munin-html.lock
2023/07/18 09:30:07 [INFO] munin-html finished (0.62 sec)
2023/07/18 09:35:06 [INFO] config generated (0.26 sec)
2023/07/18 09:35:06 [INFO] Starting munin-html, getting lock /run/munin/munin-html.lock
2023/07/18 09:35:07 [INFO] Creating problem page /usr/share/webapps/munin/html/problems.html
2023/07/18 09:35:07 [INFO] Releasing lock file /run/munin/munin-html.lock
2023/07/18 09:35:07 [INFO] munin-html finished (0.66 sec)
2023/07/18 09:40:06 [INFO] config generated (0.25 sec)
2023/07/18 09:40:06 [INFO] Starting munin-html, getting lock /run/munin/munin-html.lock
2023/07/18 09:40:07 [INFO] Creating problem page /usr/share/webapps/munin/html/problems.html
2023/07/18 09:40:07 [INFO] Releasing lock file /run/munin/munin-html.lock
2023/07/18 09:40:07 [INFO] munin-html finished (0.68 sec)
2023/07/18 09:45:06 [INFO] config generated (0.25 sec)
2023/07/18 09:45:06 [INFO] Starting munin-html, getting lock /run/munin/munin-html.lock
2023/07/18 09:45:07 [INFO] Creating problem page /usr/share/webapps/munin/html/problems.html
2023/07/18 09:45:07 [INFO] Releasing lock file /run/munin/munin-html.lock
2023/07/18 09:45:07 [INFO] munin-html finished (0.62 sec)
2023/07/18 09:50:06 [INFO] config generated (0.25 sec)
2023/07/18 09:50:06 [INFO] Starting munin-html, getting lock /run/munin/munin-html.lock
2023/07/18 09:50:07 [INFO] Creating problem page /usr/share/webapps/munin/html/problems.html
2023/07/18 09:50:07 [INFO] Releasing lock file /run/munin/munin-html.lock
2023/07/18 09:50:07 [INFO] munin-html finished (0.62 sec)
2023/07/18 09:55:06 [INFO] config generated (0.25 sec)
2023/07/18 09:55:06 [INFO] Starting munin-html, getting lock /run/munin/munin-html.lock
2023/07/18 09:55:07 [INFO] Creating problem page /usr/share/webapps/munin/html/problems.html
2023/07/18 09:55:07 [INFO] Releasing lock file /run/munin/munin-html.lock
2023/07/18 09:55:07 [INFO] munin-html finished (0.65 sec)
2023/07/18 10:00:06 [INFO] config generated (0.25 sec)
2023/07/18 10:00:06 [INFO] Starting munin-html, getting lock /run/munin/munin-html.lock
2023/07/18 10:00:07 [INFO] Creating problem page /usr/share/webapps/munin/html/problems.html
2023/07/18 10:00:07 [INFO] Releasing lock file /run/munin/munin-html.lock
2023/07/18 10:00:07 [INFO] munin-html finished (0.63 sec)
2023/07/18 10:05:07 [INFO] config generated (0.25 sec)
2023/07/18 10:05:07 [INFO] Starting munin-html, getting lock /run/munin/munin-html.lock
2023/07/18 10:05:07 [INFO] Creating problem page /usr/share/webapps/munin/html/problems.html
2023/07/18 10:05:07 [INFO] Releasing lock file /run/munin/munin-html.lock
2023/07/18 10:05:07 [INFO] munin-html finished (0.62 sec)
2023/07/18 10:10:06 [INFO] config generated (0.25 sec)
2023/07/18 10:10:06 [INFO] Starting munin-html, getting lock /run/munin/munin-html.lock
2023/07/18 10:10:07 [INFO] Creating problem page /usr/share/webapps/munin/html/problems.html
2023/07/18 10:10:07 [INFO] Releasing lock file /run/munin/munin-html.lock
2023/07/18 10:10:07 [INFO] munin-html finished (0.62 sec)
2023/07/18 10:15:06 [INFO] config generated (0.29 sec)
2023/07/18 10:15:06 [INFO] Starting munin-html, getting lock /run/munin/munin-html.lock
2023/07/18 10:15:07 [INFO] Creating problem page /usr/share/webapps/munin/html/problems.html
2023/07/18 10:15:07 [INFO] Releasing lock file /run/munin/munin-html.lock
2023/07/18 10:15:07 [INFO] munin-html finished (0.63 sec)
2023/07/18 10:20:06 [INFO] config generated (0.25 sec)
2023/07/18 10:20:06 [INFO] Starting munin-html, getting lock /run/munin/munin-html.lock
2023/07/18 10:20:07 [INFO] Creating problem page /usr/share/webapps/munin/html/problems.html
2023/07/18 10:20:07 [INFO] Releasing lock file /run/munin/munin-html.lock
2023/07/18 10:20:07 [INFO] munin-html finished (0.63 sec)
2023/07/18 10:25:06 [INFO] config generated (0.25 sec)
2023/07/18 10:25:06 [INFO] Starting munin-html, getting lock /run/munin/munin-html.lock
2023/07/18 10:25:07 [INFO] Creating problem page /usr/share/webapps/munin/html/problems.html
2023/07/18 10:25:07 [INFO] Releasing lock file /run/munin/munin-html.lock
2023/07/18 10:25:07 [INFO] munin-html finished (0.63 sec)
2023/07/18 10:30:06 [INFO] config generated (0.25 sec)
2023/07/18 10:30:06 [INFO] Starting munin-html, getting lock /run/munin/munin-html.lock
2023/07/18 10:30:07 [INFO] Creating problem page /usr/share/webapps/munin/html/problems.html
2023/07/18 10:30:07 [INFO] Releasing lock file /run/munin/munin-html.lock
2023/07/18 10:30:07 [INFO] munin-html finished (0.64 sec)
2023/07/18 10:35:07 [INFO] config generated (0.25 sec)
2023/07/18 10:35:07 [INFO] Starting munin-html, getting lock /run/munin/munin-html.lock
2023/07/18 10:35:07 [INFO] Creating problem page /usr/share/webapps/munin/html/problems.html
2023/07/18 10:35:07 [INFO] Releasing lock file /run/munin/munin-html.lock
2023/07/18 10:35:07 [INFO] munin-html finished (0.68 sec)
2023/07/18 10:40:06 [INFO] config generated (0.25 sec)
2023/07/18 10:40:06 [INFO] Starting munin-html, getting lock /run/munin/munin-html.lock
2023/07/18 10:40:07 [INFO] Creating problem page /usr/share/webapps/munin/html/problems.html
2023/07/18 10:40:07 [INFO] Releasing lock file /run/munin/munin-html.lock
2023/07/18 10:40:07 [INFO] munin-html finished (0.63 sec)
2023/07/18 10:45:06 [INFO] config generated (0.25 sec)
2023/07/18 10:45:06 [INFO] Starting munin-html, getting lock /run/munin/munin-html.lock
2023/07/18 10:45:07 [INFO] Creating problem page /usr/share/webapps/munin/html/problems.html
2023/07/18 10:45:07 [INFO] Releasing lock file /run/munin/munin-html.lock
2023/07/18 10:45:07 [INFO] munin-html finished (0.64 sec)
2023/07/18 10:50:06 [INFO] config generated (0.25 sec)
2023/07/18 10:50:06 [INFO] Starting munin-html, getting lock /run/munin/munin-html.lock
2023/07/18 10:50:07 [INFO] Creating problem page /usr/share/webapps/munin/html/problems.html
2023/07/18 10:50:07 [INFO] Releasing lock file /run/munin/munin-html.lock
2023/07/18 10:50:07 [INFO] munin-html finished (0.62 sec)
2023/07/18 10:55:06 [INFO] config generated (0.25 sec)
2023/07/18 10:55:06 [INFO] Starting munin-html, getting lock /run/munin/munin-html.lock
2023/07/18 10:55:07 [INFO] Creating problem page /usr/share/webapps/munin/html/problems.html
2023/07/18 10:55:07 [INFO] Releasing lock file /run/munin/munin-html.lock
2023/07/18 10:55:07 [INFO] munin-html finished (0.63 sec)
